2024-06-03 16:45:09 - Processing form submission...
2024-06-03 16:45:09 - Creating upload directory...
2024-06-03 16:45:09 - Creating new student and attachment...
2024-06-03 16:45:09 - Creating new student...
2024-06-03 16:45:09 - New student created successfully.
2024-06-03 16:45:09 - Creating new attachment...
2024-06-03 16:45:09 - New attachment created successfully.
2024-06-03 16:45:09 - Data insertion successful.
2024-06-03 16:45:26 - Processing form submission...
2024-06-03 16:45:26 - Creating upload directory...
2024-06-03 16:45:26 - Creating new student and attachment...
2024-06-03 16:45:26 - Creating new student...
2024-06-03 16:45:26 - New student created successfully.
2024-06-03 16:45:26 - Creating new attachment...
2024-06-03 16:45:26 - New attachment created successfully.
2024-06-03 16:45:26 - Data insertion successful.
2024-06-03 16:52:19 - Processing form submission...
2024-06-03 16:52:19 - Creating upload directory...
2024-06-03 16:52:19 - Creating new student and attachment...
2024-06-03 16:52:19 - Creating new student...
2024-06-03 16:52:20 - New student created successfully.
2024-06-03 16:52:20 - Creating new attachment...
2024-06-03 16:52:20 - New attachment created successfully.
2024-06-03 16:52:20 - Data insertion successful.
2024-06-03 16:53:53 - Processing form submission...
2024-06-03 16:53:53 - Creating upload directory...
2024-06-03 16:53:53 - Creating new student and attachment...
2024-06-03 16:53:53 - Creating new student...
2024-06-03 16:53:53 - New student created successfully.
2024-06-03 16:53:53 - Creating new attachment...
2024-06-03 16:53:53 - New attachment created successfully.
2024-06-03 16:53:53 - Data insertion successful.
2024-06-03 16:57:15 - Processing form submission...
2024-06-03 16:57:15 - Creating upload directory...
2024-06-03 16:57:15 - Creating new student and attachment...
2024-06-03 16:57:15 - Creating new student...
2024-06-03 16:57:15 - New student created successfully.
2024-06-03 16:57:15 - Creating new attachment...
2024-06-03 16:57:16 - New attachment created successfully.
2024-06-03 16:57:16 - Data insertion successful.
2024-06-03 16:57:33 - Processing form submission...
2024-06-03 16:57:33 - Creating upload directory...
2024-06-03 16:57:33 - Creating new student and attachment...
2024-06-03 16:57:33 - Creating new student...
2024-06-03 16:57:33 - New student created successfully.
2024-06-03 16:57:33 - Creating new attachment...
2024-06-03 16:57:33 - New attachment created successfully.
2024-06-03 16:57:33 - Data insertion successful.
2024-06-03 16:57:54 - Processing form submission...
2024-06-03 16:57:54 - Creating upload directory...
2024-06-03 16:57:54 - Creating new student and attachment...
2024-06-03 16:57:54 - Creating new student...
2024-06-03 16:57:54 - New student created successfully.
2024-06-03 16:57:54 - Creating new attachment...
2024-06-03 16:57:54 - New attachment created successfully.
2024-06-03 16:57:54 - Data insertion successful.
2024-06-03 16:59:15 - Processing form submission...
2024-06-03 16:59:15 - Creating upload directory...
2024-06-03 16:59:15 - Creating new student and attachment...
2024-06-03 16:59:15 - Creating new student...
2024-06-03 16:59:15 - New student created successfully.
2024-06-03 16:59:15 - Creating new attachment...
2024-06-03 16:59:15 - New attachment created successfully.
2024-06-03 16:59:15 - Data insertion successful.
2024-06-03 17:01:35 - Processing form submission...
2024-06-03 17:01:35 - Creating upload directory...
2024-06-03 17:01:35 - Creating new student and attachment...
2024-06-03 17:01:35 - Creating new student...
2024-06-03 17:01:35 - New student created successfully.
2024-06-03 17:01:35 - Creating new attachment...
2024-06-03 17:01:35 - New attachment created successfully.
2024-06-03 17:01:35 - Data insertion successful.
2024-06-03 17:02:43 - Processing form submission...
2024-06-03 17:02:43 - Creating upload directory...
2024-06-03 17:02:43 - Creating new student and attachment...
2024-06-03 17:02:43 - Creating new student...
2024-06-03 17:02:43 - New student created successfully.
2024-06-03 17:02:43 - Creating new attachment...
2024-06-03 17:02:43 - New attachment created successfully.
2024-06-03 17:02:43 - Data insertion successful.
2024-06-03 17:04:24 - Processing form submission...
2024-06-03 17:04:24 - Creating upload directory...
2024-06-03 17:04:24 - Creating new student and attachment...
2024-06-03 17:04:24 - Creating new student...
2024-06-03 17:04:24 - New student created successfully.
2024-06-03 17:04:24 - Creating new attachment...
2024-06-03 17:04:24 - New attachment created successfully.
2024-06-03 17:04:24 - Data insertion successful.
2024-06-03 17:06:57 - Processing form submission...
2024-06-03 17:06:57 - Creating upload directory...
2024-06-03 17:06:57 - Creating new student and attachment...
2024-06-03 17:06:57 - Creating new student...
2024-06-03 17:06:57 - New student created successfully.
2024-06-03 17:06:57 - Creating new attachment...
2024-06-03 17:06:57 - New attachment created successfully.
2024-06-03 17:06:57 - Data insertion successful.
2024-06-03 20:26:19 - Processing form submission...
2024-06-03 20:26:19 - Creating upload directory...
2024-06-03 20:26:19 - Upload directory created: uploads/ŞERİF ELASHRY/
2024-06-03 20:26:19 - Creating new student and attachment...
2024-06-03 20:26:19 - Creating new student...
2024-06-03 20:26:19 - New student created successfully.
2024-06-03 20:26:19 - Creating new attachment...
2024-06-03 20:26:19 - New attachment created successfully.
2024-06-03 20:26:19 - Data insertion successful.
2024-06-11 07:22:40 - Processing form submission...
2024-06-11 07:22:40 - Creating upload directory...
2024-06-11 07:22:40 - Creating new student and attachment...
2024-06-11 07:22:40 - Creating new student...
2024-06-11 07:22:40 - New student created successfully.
2024-06-11 07:22:40 - Creating new attachment...
2024-06-11 07:22:40 - New attachment created successfully.
2024-06-11 07:22:40 - Data insertion successful.
2024-06-11 07:46:57 - Processing form submission...
2024-06-11 07:49:14 - Processing form submission...
2024-06-11 07:49:23 - Processing form submission...
2024-06-11 07:52:52 - Processing form submission...
2024-06-11 07:52:52 - Creating upload directory...
2024-06-11 07:52:52 - Creating new student and attachment...
2024-06-11 07:52:52 - Creating new student...
2024-06-11 07:52:52 - New student created successfully.
2024-06-11 07:52:52 - Creating new attachment...
2024-06-11 07:52:52 - New attachment created successfully.
2024-06-11 07:52:52 - Data insertion successful.
2024-06-11 08:41:32 - Processing form submission...
2024-06-11 08:43:20 - Processing form submission...
2024-06-11 08:43:20 - Creating upload directory...
2024-06-11 08:43:20 - Creating new student and attachment...
2024-06-11 08:43:20 - Creating new student...
2024-06-11 08:43:20 - New student created successfully.
2024-06-11 08:43:20 - Creating new attachment...
2024-06-11 08:43:20 - New attachment created successfully.
2024-06-11 08:43:20 - Data insertion successful.
2024-06-11 08:47:48 - Processing form submission...
2024-06-11 08:47:48 - Creating upload directory...
2024-06-11 08:47:48 - Creating new student and attachment...
2024-06-11 08:47:48 - Creating new student...
2024-06-11 08:47:48 - New student created successfully.
2024-06-11 08:47:48 - Creating new attachment...
2024-06-11 08:47:48 - New attachment created successfully.
2024-06-11 08:47:48 - Data insertion successful.
2024-06-11 08:49:53 - Processing form submission...
2024-06-11 08:49:53 - Creating upload directory...
2024-06-11 08:49:53 - Upload directory created: uploads/F ELASHRY/
2024-06-11 08:49:53 - Creating new student and attachment...
2024-06-11 08:49:53 - Creating new student...
2024-06-11 08:49:53 - New student created successfully.
2024-06-11 08:49:53 - Creating new attachment...
2024-06-11 08:49:53 - New attachment created successfully.
2024-06-11 08:49:53 - Data insertion successful.
2024-06-11 08:50:49 - Processing form submission...
2024-06-11 08:50:50 - Creating upload directory...
2024-06-11 08:50:50 - Upload directory created: uploads/as/
2024-06-11 08:50:50 - Creating new student and attachment...
2024-06-11 08:50:50 - Creating new student...
2024-06-11 08:50:50 - New student created successfully.
2024-06-11 08:50:50 - Creating new attachment...
2024-06-11 08:50:50 - New attachment created successfully.
2024-06-11 08:50:50 - Data insertion successful.
2024-06-11 08:58:46 - Processing form submission...
2024-06-11 08:58:46 - Creating upload directory...
2024-06-11 08:58:46 - Creating new student and attachment...
2024-06-11 08:58:46 - Creating new student...
2024-06-11 08:58:46 - New student created successfully.
2024-06-11 08:58:46 - Creating new attachment...
2024-06-11 08:58:46 - New attachment created successfully.
2024-06-11 08:58:46 - Data insertion successful.
2024-06-11 08:59:11 - Processing form submission...
2024-06-11 08:59:11 - Creating upload directory...
2024-06-11 08:59:11 - Creating new student and attachment...
2024-06-11 08:59:11 - Creating new student...
2024-06-11 08:59:11 - New student created successfully.
2024-06-11 08:59:11 - Creating new attachment...
2024-06-11 08:59:11 - New attachment created successfully.
2024-06-11 08:59:11 - Data insertion successful.
2024-06-11 09:01:52 - Processing form submission...
2024-06-11 09:01:52 - Creating upload directory...
2024-06-11 09:01:52 - Creating new student and attachment...
2024-06-11 09:01:52 - Creating new student...
2024-06-11 09:01:52 - New student created successfully.
2024-06-11 09:01:52 - Creating new attachment...
2024-06-11 09:01:52 - New attachment created successfully.
2024-06-11 09:01:52 - Data insertion successful.
2024-06-11 09:02:49 - Processing form submission...
2024-06-11 09:02:49 - Creating upload directory...
2024-06-11 09:02:49 - Creating new student and attachment...
2024-06-11 09:02:49 - Creating new student...
2024-06-11 09:02:49 - New student created successfully.
2024-06-11 09:02:49 - Creating new attachment...
2024-06-11 09:02:49 - New attachment created successfully.
2024-06-11 09:02:49 - Data insertion successful.
2024-06-11 09:06:39 - Processing form submission...
2024-06-11 09:06:39 - Creating upload directory...
2024-06-11 09:06:39 - Creating new student and attachment...
2024-06-11 09:06:39 - Creating new student...
2024-06-11 09:06:39 - New student created successfully.
2024-06-11 09:06:39 - Creating new attachment...
2024-06-11 09:06:39 - New attachment created successfully.
2024-06-11 09:06:39 - Data insertion successful.
2024-06-11 09:09:30 - Processing form submission...
2024-06-11 09:09:30 - Debugging $imageData:2024-06-11 09:09:30 - Array
(
    [submissionId] => 6667f82ab8618
    [firstName] => ŞERİF ELASHRY
    [studentCertificate] => 1631332162583.jpg
    [photo] => 181783.png
    [passportName] => as
    [passportCopy] => Screenshot_165.png
    [Recommendation_Letter] => Screenshot_162.png
    [Motivation_Letter] => Screenshot_160.png
)
2024-06-11 09:09:30 - An error occurred: Some error message.2024-06-11 09:09:30 - Creating upload directory...
2024-06-11 09:09:30 - Creating new student and attachment...
2024-06-11 09:09:30 - Creating new student...
2024-06-11 09:09:30 - New student created successfully.
2024-06-11 09:09:30 - Creating new attachment...
2024-06-11 09:09:30 - New attachment created successfully.
2024-06-11 09:09:30 - Data insertion successful.
2024-06-11 09:15:16 - Processing form submission...
2024-06-11 09:15:16 - Creating upload directory...
2024-06-11 09:15:16 - Creating new student and attachment...
2024-06-11 09:15:16 - Creating new student...
2024-06-11 09:15:16 - New student created successfully.
2024-06-11 09:15:16 - Creating new attachment...
2024-06-11 09:15:16 - New attachment created successfully.
2024-06-11 09:15:16 - Data insertion successful.
2024-06-11 09:15:57 - Processing form submission...
2024-06-11 09:15:57 - Creating upload directory...
2024-06-11 09:15:57 - Creating new student and attachment...
2024-06-11 09:15:57 - Creating new student...
2024-06-11 09:15:57 - New student created successfully.
2024-06-11 09:15:57 - Creating new attachment...
2024-06-11 09:15:57 - New attachment created successfully.
2024-06-11 09:15:57 - Data insertion successful.
2024-06-11 09:16:57 - Processing form submission...
2024-06-11 09:16:57 - Creating upload directory...
2024-06-11 09:16:57 - Creating new student and attachment...
2024-06-11 09:16:57 - Creating new student...
2024-06-11 09:16:57 - New student created successfully.
2024-06-11 09:16:57 - Creating new attachment...
2024-06-11 09:16:57 - New attachment created successfully.
2024-06-11 09:16:57 - Data insertion successful.
2024-06-11 09:18:24 - Processing form submission...
2024-06-11 09:18:24 - Creating upload directory...
2024-06-11 09:18:24 - Creating new student and attachment...
2024-06-11 09:18:24 - Creating new student...
2024-06-11 09:18:24 - New student created successfully.
2024-06-11 09:18:24 - Creating new attachment...
2024-06-11 09:18:24 - ERROR: SQLSTATE[42S22]: Column not found: 1054 Unknown column 'RecommendationLetter' in 'field list' (Connection: default, SQL: insert into `attachments` (`submissionId`, `firstName`, `studentCertificate`, `photo`, `passportName`, `passportCopy`, `RecommendationLetter`, `MotivationLetter`, `updated_at`, `created_at`) values (6667fa40acf7f, ŞERİF ELASHRY, 1631332162583.jpg, 181783.png, as, Screenshot_165.png, Screenshot_162.png, Screenshot_160.png, 2024-06-11 09:18:24, 2024-06-11 09:18:24))
2024-06-11 09:18:37 - Processing form submission...
2024-06-11 09:18:37 - Creating upload directory...
2024-06-11 09:18:37 - Creating new student and attachment...
2024-06-11 09:18:37 - Creating new student...
2024-06-11 09:18:37 - New student created successfully.
2024-06-11 09:18:37 - Creating new attachment...
2024-06-11 09:18:37 - New attachment created successfully.
2024-06-11 09:18:37 - Data insertion successful.
2024-06-11 09:22:59 - Processing form submission...
2024-06-11 09:22:59 - Creating upload directory...
2024-06-11 09:22:59 - Creating new student and attachment...
2024-06-11 09:22:59 - Creating new student...
2024-06-11 09:22:59 - New student created successfully.
2024-06-11 09:22:59 - Creating new attachment...
2024-06-11 09:22:59 - New attachment created successfully.
2024-06-11 09:22:59 - Data insertion successful.
2024-06-17 14:58:10 - Processing form submission...
2024-06-17 15:00:21 - Processing form submission...
2024-06-17 15:00:39 - Processing form submission...
2024-06-17 15:00:40 - Creating upload directory...
2024-06-17 15:00:40 - Creating new student and attachment...
2024-06-17 15:00:40 - Creating new student...
2024-06-17 15:00:40 - New student created successfully.
2024-06-17 15:00:40 - Creating new attachment...
2024-06-17 15:00:40 - New attachment created successfully.
2024-06-17 15:00:40 - Data insertion successful.
2024-06-17 15:00:52 - Processing form submission...
2024-06-17 15:00:52 - Creating upload directory...
2024-06-17 15:00:52 - Creating new student and attachment...
2024-06-17 15:00:52 - Creating new student...
2024-06-17 15:00:52 - New student created successfully.
2024-06-17 15:00:52 - Creating new attachment...
2024-06-17 15:00:52 - New attachment created successfully.
2024-06-17 15:00:52 - Data insertion successful.
2024-06-20 12:17:31 - Processing form submission...
2024-06-20 12:17:31 - Creating upload directory...
2024-06-20 12:17:31 - Creating new student and attachment...
2024-06-20 12:17:31 - Creating new student...
2024-06-20 12:17:31 - New student created successfully.
2024-06-20 12:17:31 - Creating new attachment...
2024-06-20 12:17:31 - New attachment created successfully.
2024-06-20 12:17:31 - Data insertion successful.
2024-07-21 20:34:54 - Processing form submission...
2024-07-21 20:34:54 - Creating upload directory...
2024-07-21 20:34:54 - Upload directory created: uploads/ŞERİF ELASHRY/
2024-07-21 20:34:54 - Creating new student and attachment...
2024-07-21 20:34:54 - Creating new student...
2024-07-21 20:34:54 - New student created successfully.
2024-07-21 20:34:54 - Creating new attachment...
2024-07-21 20:34:54 - New attachment created successfully.
2024-07-21 20:34:54 - Data insertion successful.
2024-07-21 20:34:58 - ERROR: Could not send email. Mailer Error: SMTP Error: The following recipients failed: another@example.com: non-local recipient verification failed
third@example.com: non-local recipient verification failed

2024-07-26 22:21:56 - Processing form submission...
2024-07-26 22:21:56 - Creating upload directory...
2024-07-26 22:21:56 - Creating new student and attachment...
2024-07-26 22:21:56 - Creating new student...
2024-07-26 22:21:56 - New student created successfully.
2024-07-26 22:21:56 - Creating new attachment...
2024-07-26 22:21:56 - New attachment created successfully.
2024-07-26 22:21:56 - Data insertion successful.
2024-07-26 22:21:58 - ERROR: Could not send email. Mailer Error: SMTP Error: The following recipients failed: another@example.com: non-local recipient verification failed
third@example.com: non-local recipient verification failed

2024-07-31 21:50:24 - Processing form submission...
2024-07-31 21:50:25 - Creating upload directory...
2024-07-31 21:50:25 - Creating new student and attachment...
2024-07-31 21:50:25 - Creating new student...
2024-07-31 21:50:25 - New student created successfully.
2024-07-31 21:50:25 - Creating new attachment...
2024-07-31 21:50:25 - New attachment created successfully.
2024-07-31 21:50:25 - Data insertion successful.
2024-07-31 21:50:29 - ERROR: Could not send email. Mailer Error: SMTP Error: The following recipients failed: another@example.com: non-local recipient verification failed
third@example.com: non-local recipient verification failed

2024-10-26 16:46:06 - Processing form submission...
2024-10-26 16:46:06 - Creating upload directory...
2024-10-26 16:46:06 - Upload directory created: uploads/Ahmet Baroura/
2024-10-26 16:46:06 - Creating new student and attachment...
2024-10-26 16:46:06 - Creating new student...
2024-10-26 16:50:00 - Processing form submission...
2024-10-26 16:50:00 - Creating upload directory...
2024-10-26 16:50:00 - Upload directory created: uploads/Natalia Kaminska/
2024-10-26 16:50:00 - Creating new student and attachment...
2024-10-26 16:50:00 - Creating new student...
2024-10-27 17:32:15 - Processing form submission...
2024-10-27 17:32:15 - Creating upload directory...
2024-10-27 17:32:15 - Creating new student and attachment...
2024-10-27 17:32:15 - Creating new student...
2024-11-01 23:08:31 - Processing form submission...
2024-11-01 23:08:31 - Retrieving country name for nationality value: 7
2024-11-01 23:08:31 - Country found: AUSTRIA
2024-11-01 23:08:31 - Creating new student with data: {"submissionId":"6725515f0ee34","firstName":"\u015eER\u0130F ELASHRY","dateOfBirth":"2024-11-01","gender":"male","tshirtSize":"medium","nationality":"AUSTRIA","placeOfBirth":"Egypt","homeAddress":"KAYABA\u015eI MAH. KAYA\u015eEH\u0130R BULVARI No: 55E\/48","email":"shouldtheone@gmail.com","telephone":"05525952231","fathersFullName":"\u015eER\u0130F ELASHRY","fathersEmail":"AhmedBaroura@gmail.com","fathersTelephone":"05525952231","mothersFullName":"\u015eER\u0130F ELASHRY","mothersEmail":"AhmetBaroura@gmail.com","mothersTelephone":"05525952231","passportName":"\u015eER\u0130F ELASHRY","givenPlace":"Egypt","passportNumber":"A105484","expiryDate":"2028","course":null,"institutionName":"shouldtheone","department":"asfasfasf","institutionAddress":"KAYABA\u015eI MAH. KAYA\u015eEH\u0130R BULVARI No: 55E\/48","institutionEmail":"istanbul@aydin.com","institutionTelephone":"05525952231","iban":"ibanUS","outreach":"University's International Office"}
2024-11-01 23:10:21 - Processing form submission...
2024-11-01 23:10:21 - Retrieving country name for nationality value: 7
2024-11-01 23:10:21 - Country found: AUSTRIA
2024-11-01 23:10:21 - Creating new student with data: {"submissionId":"672551cd0c38c","firstName":"\u015eER\u0130F ELASHRY","dateOfBirth":"2024-11-01","gender":"male","tshirtSize":"medium","nationality":"AUSTRIA","placeOfBirth":"Egypt","homeAddress":"KAYABA\u015eI MAH. KAYA\u015eEH\u0130R BULVARI No: 55E\/48","email":"shouldtheone@gmail.com","telephone":"05525952231","fathersFullName":"\u015eER\u0130F ELASHRY","fathersEmail":"AhmedBaroura@gmail.com","fathersTelephone":"05525952231","mothersFullName":"\u015eER\u0130F ELASHRY","mothersEmail":"AhmetBaroura@gmail.com","mothersTelephone":"05525952231","passportName":"\u015eER\u0130F ELASHRY","givenPlace":"Egypt","passportNumber":"A105484","expiryDate":"2028","course":null,"institutionName":"shouldtheone","department":"asfasfasf","institutionAddress":"KAYABA\u015eI MAH. KAYA\u015eEH\u0130R BULVARI No: 55E\/48","institutionEmail":"istanbul@aydin.com","institutionTelephone":"05525952231","iban":"ibanUS","outreach":"University's International Office"}
2024-11-01 23:10:29 - Processing form submission...
2024-11-01 23:10:29 - Retrieving country name for nationality value: 7
2024-11-01 23:10:29 - Country found: AUSTRIA
2024-11-01 23:10:29 - Creating new student with data: {"submissionId":"672551d5c3497","firstName":"\u015eER\u0130F ELASHRY","dateOfBirth":"2024-11-01","gender":"male","tshirtSize":"medium","nationality":"AUSTRIA","placeOfBirth":"Egypt","homeAddress":"KAYABA\u015eI MAH. KAYA\u015eEH\u0130R BULVARI No: 55E\/48","email":"shouldtheone@gmail.com","telephone":"05525952231","fathersFullName":"\u015eER\u0130F ELASHRY","fathersEmail":"AhmedBaroura@gmail.com","fathersTelephone":"05525952231","mothersFullName":"\u015eER\u0130F ELASHRY","mothersEmail":"AhmetBaroura@gmail.com","mothersTelephone":"05525952231","passportName":"\u015eER\u0130F ELASHRY","givenPlace":"Egypt","passportNumber":"A105484","expiryDate":"2028","course":null,"institutionName":"shouldtheone","department":"asfasfasf","institutionAddress":"KAYABA\u015eI MAH. KAYA\u015eEH\u0130R BULVARI No: 55E\/48","institutionEmail":"istanbul@aydin.com","institutionTelephone":"05525952231","iban":"ibanUS","outreach":"University's International Office"}
2024-11-01 23:11:52 - Processing form submission...
2024-11-01 23:11:52 - Retrieving country name for nationality value: 7
2024-11-01 23:11:52 - Country found: AUSTRIA
2024-11-01 23:11:52 - Creating new student with data: {"submissionId":"672552287fe9d","firstName":"\u015eER\u0130F ELASHRY","dateOfBirth":"2024-11-01","gender":"male","tshirtSize":"medium","nationality":"AUSTRIA","placeOfBirth":"Egypt","homeAddress":"KAYABA\u015eI MAH. KAYA\u015eEH\u0130R BULVARI No: 55E\/48","email":"shouldtheone@gmail.com","telephone":"05525952231","fathersFullName":"\u015eER\u0130F ELASHRY","fathersEmail":"AhmedBaroura@gmail.com","fathersTelephone":"05525952231","mothersFullName":"\u015eER\u0130F ELASHRY","mothersEmail":"AhmetBaroura@gmail.com","mothersTelephone":"05525952231","passportName":"\u015eER\u0130F ELASHRY","givenPlace":"Egypt","passportNumber":"A105484","expiryDate":"2028","course":null,"institutionName":"shouldtheone","department":"asfasfasf","institutionAddress":"KAYABA\u015eI MAH. KAYA\u015eEH\u0130R BULVARI No: 55E\/48","institutionEmail":"istanbul@aydin.com","institutionTelephone":"05525952231","iban":"ibanUS","outreach":"University's International Office"}
2024-11-01 23:12:47 - Processing form submission...
2024-11-01 23:12:47 - Retrieving country name for nationality value: 7
2024-11-01 23:12:47 - Country found: AUSTRIA
2024-11-01 23:12:47 - Creating new student with data: {"submissionId":"6725525f19f35","firstName":"\u015eER\u0130F ELASHRY","dateOfBirth":"2024-11-01","gender":"male","tshirtSize":"medium","nationality":"AUSTRIA","placeOfBirth":"Egypt","homeAddress":"KAYABA\u015eI MAH. KAYA\u015eEH\u0130R BULVARI No: 55E\/48","email":"shouldtheone@gmail.com","telephone":"05525952231","fathersFullName":"\u015eER\u0130F ELASHRY","fathersEmail":"AhmedBaroura@gmail.com","fathersTelephone":"05525952231","mothersFullName":"\u015eER\u0130F ELASHRY","mothersEmail":"AhmetBaroura@gmail.com","mothersTelephone":"05525952231","passportName":"\u015eER\u0130F ELASHRY","givenPlace":"Egypt","passportNumber":"A105484","expiryDate":"2028","course":"NOT SPECIFIED","institutionName":"shouldtheone","department":"asfasfasf","institutionAddress":"KAYABA\u015eI MAH. KAYA\u015eEH\u0130R BULVARI No: 55E\/48","institutionEmail":"istanbul@aydin.com","institutionTelephone":"05525952231","iban":"ibanUS","outreach":"University's International Office"}
2024-11-01 23:12:47 - New student created successfully with ID: 1
2024-11-01 23:12:47 - Creating new attachment with data: {"submissionId":"6725525f19f35","firstName":"\u015eER\u0130F ELASHRY","studentCertificate":"1024px-Hda_logo.svg.png","photo":"1024px-Hda_logo.svg.png","passportName":"\u015eER\u0130F ELASHRY","passportCopy":"1181px-Payame_Noor_University_Logo.svg.png","Recommendation_Letter":"take-two-ceo-says-gta-6-trailer-leak-was-disappointing-but-u_m495.1280.webp","Motivation_Letter":"1200px-Siegel_Uni-Koeln_(Grau).svg.png","consentForm":""}
2024-11-01 23:12:47 - New attachment created successfully with ID: 1
2024-11-01 23:12:47 - Files uploaded and data insertion successful.
2024-11-01 23:12:47 - Preparing to send notification email...
2024-11-01 23:12:50 - Notification email sent successfully.
2024-11-02 00:47:55 - Request method is not POST: GET
2024-11-02 00:50:28 - Request URI: /submitApplication?AuthKey=2ce6fa77
2024-11-02 00:50:28 - Request method: GET
2024-11-02 00:50:28 - POST data: []
2024-11-02 00:50:28 - FILES data: []
2024-11-02 00:50:28 - Request method is not POST: GET
2024-11-02 00:56:07 - Request URI: /submitApplication
2024-11-02 00:56:07 - Request method: POST
2024-11-02 00:56:07 - POST data: {"first_name":"\u015eER\u0130F ELASHRY","Nationality":"10","date_of_birth":"2024-11-02","place_of_birth":"Poland","tshirt_size":"small","gender":"male","home_address":"KAYABA\u015eI MAH. KAYA\u015eEH\u0130R BULVARI No: 55E\/48","email":"shouldtheone@gmail.com","telephone":"05525952231","fathers_full_name":"\u015eER\u0130F ELASHRY","fathers_email":"AhmedBaroura@gmail.com","fathers_telephone":"05525952231","mothers_full_name":"\u015eER\u0130F ELASHRY","mothers_email":"AhmetBaroura@gmail.com","mothers_telephone":"05525952231","passport_name":"\u015eER\u0130F ELASHRY","given_place":"Egypt","passport_number":"A105484","expiry_date":"2028","institution_name":"IstanbulAydinUniversity","department":"asfasfasf","institution_address":"KAYABA\u015eI MAH. KAYA\u015eEH\u0130R BULVARI No: 55E\/48","institution_email":"istanbul@aydin.com","institution_telephone":"05525952231","iban":"ibanUS","outreach":"Newsletter"}
2024-11-02 00:56:07 - FILES data: {"student_certificate":{"name":"take-two-ceo-says-gta-6-trailer-leak-was-disappointing-but-u_m495.1280.webp","full_path":"take-two-ceo-says-gta-6-trailer-leak-was-disappointing-but-u_m495.1280.webp","type":"image\/webp","tmp_name":"C:\\xampp\\tmp\\php274B.tmp","error":0,"size":101320},"photo":{"name":"take-two-ceo-says-gta-6-trailer-leak-was-disappointing-but-u_m495.1280.webp","full_path":"take-two-ceo-says-gta-6-trailer-leak-was-disappointing-but-u_m495.1280.webp","type":"image\/webp","tmp_name":"C:\\xampp\\tmp\\php274C.tmp","error":0,"size":101320},"passport_copy":{"name":"Screenshot_454.png","full_path":"Screenshot_454.png","type":"image\/png","tmp_name":"C:\\xampp\\tmp\\php274D.tmp","error":0,"size":164203},"Recommendation_Letter":{"name":"Screenshot_453.png","full_path":"Screenshot_453.png","type":"image\/png","tmp_name":"C:\\xampp\\tmp\\php274E.tmp","error":0,"size":160292},"Motivation_Letter":{"name":"take-two-ceo-says-gta-6-trailer-leak-was-disappointing-but-u_m495.1280.webp","full_path":"take-two-ceo-says-gta-6-trailer-leak-was-disappointing-but-u_m495.1280.webp","type":"image\/webp","tmp_name":"C:\\xampp\\tmp\\php274F.tmp","error":0,"size":101320},"consentForm":{"name":"","full_path":"","type":"","tmp_name":"","error":4,"size":0}}
2024-11-02 00:56:07 - Processing form submission...
2024-11-02 00:56:07 - Retrieving country name for nationality value: 10
2024-11-02 01:03:24 - Request URI: /submitApplication
2024-11-02 01:03:24 - Request method: POST
2024-11-02 01:03:24 - POST data: {"first_name":"\u015eER\u0130F ELASHRY","Nationality":"10","date_of_birth":"2024-11-02","place_of_birth":"Poland","tshirt_size":"small","gender":"male","home_address":"KAYABA\u015eI MAH. KAYA\u015eEH\u0130R BULVARI No: 55E\/48","email":"shouldtheone@gmail.com","telephone":"05525952231","fathers_full_name":"\u015eER\u0130F ELASHRY","fathers_email":"AhmedBaroura@gmail.com","fathers_telephone":"05525952231","mothers_full_name":"\u015eER\u0130F ELASHRY","mothers_email":"AhmetBaroura@gmail.com","mothers_telephone":"05525952231","passport_name":"\u015eER\u0130F ELASHRY","given_place":"Egypt","passport_number":"A105484","expiry_date":"2028","institution_name":"IstanbulAydinUniversity","department":"asfasfasf","institution_address":"KAYABA\u015eI MAH. KAYA\u015eEH\u0130R BULVARI No: 55E\/48","institution_email":"istanbul@aydin.com","institution_telephone":"05525952231","iban":"ibanUS","outreach":"Newsletter"}
2024-11-02 01:03:24 - FILES data: {"student_certificate":{"name":"take-two-ceo-says-gta-6-trailer-leak-was-disappointing-but-u_m495.1280.webp","full_path":"take-two-ceo-says-gta-6-trailer-leak-was-disappointing-but-u_m495.1280.webp","type":"image\/webp","tmp_name":"C:\\xampp\\tmp\\phpD11F.tmp","error":0,"size":101320},"photo":{"name":"take-two-ceo-says-gta-6-trailer-leak-was-disappointing-but-u_m495.1280.webp","full_path":"take-two-ceo-says-gta-6-trailer-leak-was-disappointing-but-u_m495.1280.webp","type":"image\/webp","tmp_name":"C:\\xampp\\tmp\\phpD120.tmp","error":0,"size":101320},"passport_copy":{"name":"Screenshot_454.png","full_path":"Screenshot_454.png","type":"image\/png","tmp_name":"C:\\xampp\\tmp\\phpD121.tmp","error":0,"size":164203},"Recommendation_Letter":{"name":"Screenshot_453.png","full_path":"Screenshot_453.png","type":"image\/png","tmp_name":"C:\\xampp\\tmp\\phpD122.tmp","error":0,"size":160292},"Motivation_Letter":{"name":"take-two-ceo-says-gta-6-trailer-leak-was-disappointing-but-u_m495.1280.webp","full_path":"take-two-ceo-says-gta-6-trailer-leak-was-disappointing-but-u_m495.1280.webp","type":"image\/webp","tmp_name":"C:\\xampp\\tmp\\phpD123.tmp","error":0,"size":101320},"consentForm":{"name":"","full_path":"","type":"","tmp_name":"","error":4,"size":0}}
2024-11-02 01:03:24 - Processing form submission...
2024-11-02 01:03:24 - Retrieving country name for nationality value: 10
2024-11-02 01:03:39 - Request URI: /submitApplication
2024-11-02 01:03:39 - Request method: POST
2024-11-02 01:03:39 - POST data: {"first_name":"\u015eER\u0130F ELASHRY","Nationality":"10","date_of_birth":"2024-11-02","place_of_birth":"Poland","tshirt_size":"small","gender":"male","home_address":"KAYABA\u015eI MAH. KAYA\u015eEH\u0130R BULVARI No: 55E\/48","email":"shouldtheone@gmail.com","telephone":"05525952231","fathers_full_name":"\u015eER\u0130F ELASHRY","fathers_email":"AhmedBaroura@gmail.com","fathers_telephone":"05525952231","mothers_full_name":"\u015eER\u0130F ELASHRY","mothers_email":"AhmetBaroura@gmail.com","mothers_telephone":"05525952231","passport_name":"\u015eER\u0130F ELASHRY","given_place":"Egypt","passport_number":"A105484","expiry_date":"2028","institution_name":"IstanbulAydinUniversity","department":"asfasfasf","institution_address":"KAYABA\u015eI MAH. KAYA\u015eEH\u0130R BULVARI No: 55E\/48","institution_email":"istanbul@aydin.com","institution_telephone":"05525952231","iban":"ibanUS","outreach":"Newsletter"}
2024-11-02 01:03:39 - FILES data: {"student_certificate":{"name":"take-two-ceo-says-gta-6-trailer-leak-was-disappointing-but-u_m495.1280.webp","full_path":"take-two-ceo-says-gta-6-trailer-leak-was-disappointing-but-u_m495.1280.webp","type":"image\/webp","tmp_name":"C:\\xampp\\tmp\\phpCC6.tmp","error":0,"size":101320},"photo":{"name":"take-two-ceo-says-gta-6-trailer-leak-was-disappointing-but-u_m495.1280.webp","full_path":"take-two-ceo-says-gta-6-trailer-leak-was-disappointing-but-u_m495.1280.webp","type":"image\/webp","tmp_name":"C:\\xampp\\tmp\\phpCC7.tmp","error":0,"size":101320},"passport_copy":{"name":"Screenshot_454.png","full_path":"Screenshot_454.png","type":"image\/png","tmp_name":"C:\\xampp\\tmp\\phpCC8.tmp","error":0,"size":164203},"Recommendation_Letter":{"name":"Screenshot_453.png","full_path":"Screenshot_453.png","type":"image\/png","tmp_name":"C:\\xampp\\tmp\\phpCC9.tmp","error":0,"size":160292},"Motivation_Letter":{"name":"take-two-ceo-says-gta-6-trailer-leak-was-disappointing-but-u_m495.1280.webp","full_path":"take-two-ceo-says-gta-6-trailer-leak-was-disappointing-but-u_m495.1280.webp","type":"image\/webp","tmp_name":"C:\\xampp\\tmp\\phpCCA.tmp","error":0,"size":101320},"consentForm":{"name":"","full_path":"","type":"","tmp_name":"","error":4,"size":0}}
2024-11-02 01:03:39 - Processing form submission...
2024-11-02 01:03:39 - Retrieving country name for nationality value: 10
2024-11-02 01:10:36 - Request URI: /submitApplication
2024-11-02 01:10:36 - Request method: POST
2024-11-02 01:10:36 - POST data: {"first_name":"\u015eER\u0130F ELASHRY","Nationality":"10","date_of_birth":"2024-11-02","place_of_birth":"Poland","tshirt_size":"small","gender":"male","home_address":"KAYABA\u015eI MAH. KAYA\u015eEH\u0130R BULVARI No: 55E\/48","email":"shouldtheone@gmail.com","telephone":"05525952231","fathers_full_name":"\u015eER\u0130F ELASHRY","fathers_email":"AhmedBaroura@gmail.com","fathers_telephone":"05525952231","mothers_full_name":"\u015eER\u0130F ELASHRY","mothers_email":"AhmetBaroura@gmail.com","mothers_telephone":"05525952231","passport_name":"\u015eER\u0130F ELASHRY","given_place":"Egypt","passport_number":"A105484","expiry_date":"2028","institution_name":"IstanbulAydinUniversity","department":"asfasfasf","institution_address":"KAYABA\u015eI MAH. KAYA\u015eEH\u0130R BULVARI No: 55E\/48","institution_email":"istanbul@aydin.com","institution_telephone":"05525952231","iban":"ibanUS","outreach":"Newsletter"}
2024-11-02 01:10:36 - FILES data: {"student_certificate":{"name":"take-two-ceo-says-gta-6-trailer-leak-was-disappointing-but-u_m495.1280.webp","full_path":"take-two-ceo-says-gta-6-trailer-leak-was-disappointing-but-u_m495.1280.webp","type":"image\/webp","tmp_name":"C:\\xampp\\tmp\\php68D8.tmp","error":0,"size":101320},"photo":{"name":"take-two-ceo-says-gta-6-trailer-leak-was-disappointing-but-u_m495.1280.webp","full_path":"take-two-ceo-says-gta-6-trailer-leak-was-disappointing-but-u_m495.1280.webp","type":"image\/webp","tmp_name":"C:\\xampp\\tmp\\php68D9.tmp","error":0,"size":101320},"passport_copy":{"name":"Screenshot_454.png","full_path":"Screenshot_454.png","type":"image\/png","tmp_name":"C:\\xampp\\tmp\\php68DA.tmp","error":0,"size":164203},"Recommendation_Letter":{"name":"Screenshot_453.png","full_path":"Screenshot_453.png","type":"image\/png","tmp_name":"C:\\xampp\\tmp\\php68DB.tmp","error":0,"size":160292},"Motivation_Letter":{"name":"take-two-ceo-says-gta-6-trailer-leak-was-disappointing-but-u_m495.1280.webp","full_path":"take-two-ceo-says-gta-6-trailer-leak-was-disappointing-but-u_m495.1280.webp","type":"image\/webp","tmp_name":"C:\\xampp\\tmp\\php68DC.tmp","error":0,"size":101320},"consentForm":{"name":"","full_path":"","type":"","tmp_name":"","error":4,"size":0}}
2024-11-02 01:10:36 - Processing form submission...
2024-11-02 01:10:36 - Retrieving country name for nationality value: 10
2024-11-02 01:10:36 - Creating new student with data: {"submissionId":"67256dfc1bf3f","firstName":"\u015eER\u0130F ELASHRY","dateOfBirth":"2024-11-02","gender":"male","tshirtSize":"small","nationality":"BANGLADESH","placeOfBirth":"Poland","homeAddress":"KAYABA\u015eI MAH. KAYA\u015eEH\u0130R BULVARI No: 55E\/48","email":"shouldtheone@gmail.com","telephone":"05525952231","fathersFullName":"\u015eER\u0130F ELASHRY","fathersEmail":"AhmedBaroura@gmail.com","fathersTelephone":"05525952231","mothersFullName":"\u015eER\u0130F ELASHRY","mothersEmail":"AhmetBaroura@gmail.com","mothersTelephone":"05525952231","passportName":"\u015eER\u0130F ELASHRY","givenPlace":"Egypt","passportNumber":"A105484","expiryDate":"2028","course":"NOT SPECIFIED","institutionName":"IstanbulAydinUniversity","department":"asfasfasf","institutionAddress":"KAYABA\u015eI MAH. KAYA\u015eEH\u0130R BULVARI No: 55E\/48","institutionEmail":"istanbul@aydin.com","institutionTelephone":"05525952231","iban":"ibanUS","outreach":"Newsletter"}
2024-11-02 01:10:36 - New student created successfully with ID: 2
2024-11-02 01:10:36 - Creating new attachment with data: {"submissionId":"67256dfc1bf3f","firstName":"\u015eER\u0130F ELASHRY","studentCertificate":"take-two-ceo-says-gta-6-trailer-leak-was-disappointing-but-u_m495.1280.webp","photo":"take-two-ceo-says-gta-6-trailer-leak-was-disappointing-but-u_m495.1280.webp","passportName":"\u015eER\u0130F ELASHRY","passportCopy":"Screenshot_454.png","Recommendation_Letter":"Screenshot_453.png","Motivation_Letter":"take-two-ceo-says-gta-6-trailer-leak-was-disappointing-but-u_m495.1280.webp","consentForm":""}
2024-11-02 01:10:36 - New attachment created successfully with ID: 2
2024-11-02 01:10:36 - Files uploaded and data insertion successful.
2024-11-02 01:10:36 - Preparing to send notification email...
2024-11-02 01:10:39 - Notification email sent successfully.
2024-11-02 01:12:23 - Request URI: /submitApplication
2024-11-02 01:12:23 - Request method: POST
2024-11-02 01:12:23 - POST data: {"first_name":"\u015eER\u0130F ELASHRY","Nationality":"10","date_of_birth":"2024-11-02","place_of_birth":"Poland","tshirt_size":"small","gender":"male","home_address":"KAYABA\u015eI MAH. KAYA\u015eEH\u0130R BULVARI No: 55E\/48","email":"shouldtheone@gmail.com","telephone":"05525952231","fathers_full_name":"\u015eER\u0130F ELASHRY","fathers_email":"AhmedBaroura@gmail.com","fathers_telephone":"05525952231","mothers_full_name":"\u015eER\u0130F ELASHRY","mothers_email":"AhmetBaroura@gmail.com","mothers_telephone":"05525952231","passport_name":"\u015eER\u0130F ELASHRY","given_place":"Egypt","passport_number":"A105484","expiry_date":"2028","institution_name":"IstanbulAydinUniversity","department":"asfasfasf","institution_address":"KAYABA\u015eI MAH. KAYA\u015eEH\u0130R BULVARI No: 55E\/48","institution_email":"istanbul@aydin.com","institution_telephone":"05525952231","iban":"ibanUS","outreach":"Newsletter"}
2024-11-02 01:12:23 - FILES data: {"student_certificate":{"name":"take-two-ceo-says-gta-6-trailer-leak-was-disappointing-but-u_m495.1280.webp","full_path":"take-two-ceo-says-gta-6-trailer-leak-was-disappointing-but-u_m495.1280.webp","type":"image\/webp","tmp_name":"C:\\xampp\\tmp\\phpD27.tmp","error":0,"size":101320},"photo":{"name":"take-two-ceo-says-gta-6-trailer-leak-was-disappointing-but-u_m495.1280.webp","full_path":"take-two-ceo-says-gta-6-trailer-leak-was-disappointing-but-u_m495.1280.webp","type":"image\/webp","tmp_name":"C:\\xampp\\tmp\\phpD28.tmp","error":0,"size":101320},"passport_copy":{"name":"Screenshot_454.png","full_path":"Screenshot_454.png","type":"image\/png","tmp_name":"C:\\xampp\\tmp\\phpD29.tmp","error":0,"size":164203},"Recommendation_Letter":{"name":"Screenshot_453.png","full_path":"Screenshot_453.png","type":"image\/png","tmp_name":"C:\\xampp\\tmp\\phpD2A.tmp","error":0,"size":160292},"Motivation_Letter":{"name":"take-two-ceo-says-gta-6-trailer-leak-was-disappointing-but-u_m495.1280.webp","full_path":"take-two-ceo-says-gta-6-trailer-leak-was-disappointing-but-u_m495.1280.webp","type":"image\/webp","tmp_name":"C:\\xampp\\tmp\\phpD2B.tmp","error":0,"size":101320},"consentForm":{"name":"","full_path":"","type":"","tmp_name":"","error":4,"size":0}}
2024-11-02 01:12:23 - Processing form submission...
2024-11-02 01:12:23 - Retrieving country name for nationality value: 10
2024-11-02 01:12:49 - Request URI: /submitApplication
2024-11-02 01:12:49 - Request method: POST
2024-11-02 01:12:49 - POST data: {"first_name":"\u015eER\u0130F ELASHRY","Nationality":"10","date_of_birth":"2024-11-02","place_of_birth":"Poland","tshirt_size":"small","gender":"male","home_address":"KAYABA\u015eI MAH. KAYA\u015eEH\u0130R BULVARI No: 55E\/48","email":"shouldtheone@gmail.com","telephone":"05525952231","fathers_full_name":"\u015eER\u0130F ELASHRY","fathers_email":"AhmedBaroura@gmail.com","fathers_telephone":"05525952231","mothers_full_name":"\u015eER\u0130F ELASHRY","mothers_email":"AhmetBaroura@gmail.com","mothers_telephone":"05525952231","passport_name":"\u015eER\u0130F ELASHRY","given_place":"Egypt","passport_number":"A105484","expiry_date":"2028","institution_name":"IstanbulAydinUniversity","department":"asfasfasf","institution_address":"KAYABA\u015eI MAH. KAYA\u015eEH\u0130R BULVARI No: 55E\/48","institution_email":"istanbul@aydin.com","institution_telephone":"05525952231","iban":"ibanUS","outreach":"Newsletter"}
2024-11-02 01:12:49 - FILES data: {"student_certificate":{"name":"take-two-ceo-says-gta-6-trailer-leak-was-disappointing-but-u_m495.1280.webp","full_path":"take-two-ceo-says-gta-6-trailer-leak-was-disappointing-but-u_m495.1280.webp","type":"image\/webp","tmp_name":"C:\\xampp\\tmp\\php71F1.tmp","error":0,"size":101320},"photo":{"name":"take-two-ceo-says-gta-6-trailer-leak-was-disappointing-but-u_m495.1280.webp","full_path":"take-two-ceo-says-gta-6-trailer-leak-was-disappointing-but-u_m495.1280.webp","type":"image\/webp","tmp_name":"C:\\xampp\\tmp\\php71F2.tmp","error":0,"size":101320},"passport_copy":{"name":"Screenshot_454.png","full_path":"Screenshot_454.png","type":"image\/png","tmp_name":"C:\\xampp\\tmp\\php71F3.tmp","error":0,"size":164203},"Recommendation_Letter":{"name":"Screenshot_453.png","full_path":"Screenshot_453.png","type":"image\/png","tmp_name":"C:\\xampp\\tmp\\php71F4.tmp","error":0,"size":160292},"Motivation_Letter":{"name":"take-two-ceo-says-gta-6-trailer-leak-was-disappointing-but-u_m495.1280.webp","full_path":"take-two-ceo-says-gta-6-trailer-leak-was-disappointing-but-u_m495.1280.webp","type":"image\/webp","tmp_name":"C:\\xampp\\tmp\\php71F5.tmp","error":0,"size":101320},"consentForm":{"name":"","full_path":"","type":"","tmp_name":"","error":4,"size":0}}
2024-11-02 01:12:49 - Processing form submission...
2024-11-02 01:12:49 - Creating new student with data: {"submissionId":"67256e8175c0c","firstName":"\u015eER\u0130F ELASHRY","dateOfBirth":"2024-11-02","gender":"male","tshirtSize":"small","nationality":"BANGLADESH","placeOfBirth":"Poland","homeAddress":"KAYABA\u015eI MAH. KAYA\u015eEH\u0130R BULVARI No: 55E\/48","email":"shouldtheone@gmail.com","telephone":"05525952231","fathersFullName":"\u015eER\u0130F ELASHRY","fathersEmail":"AhmedBaroura@gmail.com","fathersTelephone":"05525952231","mothersFullName":"\u015eER\u0130F ELASHRY","mothersEmail":"AhmetBaroura@gmail.com","mothersTelephone":"05525952231","passportName":"\u015eER\u0130F ELASHRY","givenPlace":"Egypt","passportNumber":"A105484","expiryDate":"2028","course":"NOT SPECIFIED","institutionName":"IstanbulAydinUniversity","department":"asfasfasf","institutionAddress":"KAYABA\u015eI MAH. KAYA\u015eEH\u0130R BULVARI No: 55E\/48","institutionEmail":"istanbul@aydin.com","institutionTelephone":"05525952231","iban":"ibanUS","outreach":"Newsletter"}
2024-11-02 01:12:49 - New student created successfully with ID: 3
2024-11-02 01:12:49 - Creating new attachment with data: {"submissionId":"67256e8175c0c","firstName":"\u015eER\u0130F ELASHRY","studentCertificate":"take-two-ceo-says-gta-6-trailer-leak-was-disappointing-but-u_m495.1280.webp","photo":"take-two-ceo-says-gta-6-trailer-leak-was-disappointing-but-u_m495.1280.webp","passportName":"\u015eER\u0130F ELASHRY","passportCopy":"Screenshot_454.png","Recommendation_Letter":"Screenshot_453.png","Motivation_Letter":"take-two-ceo-says-gta-6-trailer-leak-was-disappointing-but-u_m495.1280.webp","consentForm":""}
2024-11-02 01:12:49 - New attachment created successfully with ID: 3
2024-11-02 01:12:49 - Files uploaded and data insertion successful.
2024-11-02 01:12:49 - Preparing to send notification email...
2024-11-02 01:12:52 - Notification email sent successfully.
2024-11-02 01:14:19 - Request URI: /submitApplication
2024-11-02 01:14:19 - Request method: POST
2024-11-02 01:14:19 - POST data: {"first_name":"\u015eER\u0130F ELASHRY","Nationality":"10","date_of_birth":"2024-11-02","place_of_birth":"Poland","tshirt_size":"small","gender":"male","home_address":"KAYABA\u015eI MAH. KAYA\u015eEH\u0130R BULVARI No: 55E\/48","email":"shouldtheone@gmail.com","telephone":"05525952231","fathers_full_name":"\u015eER\u0130F ELASHRY","fathers_email":"AhmedBaroura@gmail.com","fathers_telephone":"05525952231","mothers_full_name":"\u015eER\u0130F ELASHRY","mothers_email":"AhmetBaroura@gmail.com","mothers_telephone":"05525952231","passport_name":"\u015eER\u0130F ELASHRY","given_place":"Egypt","passport_number":"A105484","expiry_date":"2028","institution_name":"IstanbulAydinUniversity","department":"asfasfasf","institution_address":"KAYABA\u015eI MAH. KAYA\u015eEH\u0130R BULVARI No: 55E\/48","institution_email":"istanbul@aydin.com","institution_telephone":"05525952231","iban":"ibanUS","outreach":"Newsletter"}
2024-11-02 01:14:19 - FILES data: {"student_certificate":{"name":"take-two-ceo-says-gta-6-trailer-leak-was-disappointing-but-u_m495.1280.webp","full_path":"take-two-ceo-says-gta-6-trailer-leak-was-disappointing-but-u_m495.1280.webp","type":"image\/webp","tmp_name":"C:\\xampp\\tmp\\phpCFE0.tmp","error":0,"size":101320},"photo":{"name":"take-two-ceo-says-gta-6-trailer-leak-was-disappointing-but-u_m495.1280.webp","full_path":"take-two-ceo-says-gta-6-trailer-leak-was-disappointing-but-u_m495.1280.webp","type":"image\/webp","tmp_name":"C:\\xampp\\tmp\\phpCFE1.tmp","error":0,"size":101320},"passport_copy":{"name":"Screenshot_454.png","full_path":"Screenshot_454.png","type":"image\/png","tmp_name":"C:\\xampp\\tmp\\phpCFE2.tmp","error":0,"size":164203},"Recommendation_Letter":{"name":"Screenshot_453.png","full_path":"Screenshot_453.png","type":"image\/png","tmp_name":"C:\\xampp\\tmp\\phpCFE3.tmp","error":0,"size":160292},"Motivation_Letter":{"name":"take-two-ceo-says-gta-6-trailer-leak-was-disappointing-but-u_m495.1280.webp","full_path":"take-two-ceo-says-gta-6-trailer-leak-was-disappointing-but-u_m495.1280.webp","type":"image\/webp","tmp_name":"C:\\xampp\\tmp\\phpCFE4.tmp","error":0,"size":101320},"consentForm":{"name":"","full_path":"","type":"","tmp_name":"","error":4,"size":0}}
2024-11-02 01:14:19 - Processing form submission...
2024-11-02 01:14:19 - Retrieving country name for nationality value: 10
2024-11-02 01:14:19 - Creating new student with data: {"submissionId":"67256edb0e58a","firstName":"\u015eER\u0130F ELASHRY","dateOfBirth":"2024-11-02","gender":"male","tshirtSize":"small","nationality":"BANGLADESH","placeOfBirth":"Poland","homeAddress":"KAYABA\u015eI MAH. KAYA\u015eEH\u0130R BULVARI No: 55E\/48","email":"shouldtheone@gmail.com","telephone":"05525952231","fathersFullName":"\u015eER\u0130F ELASHRY","fathersEmail":"AhmedBaroura@gmail.com","fathersTelephone":"05525952231","mothersFullName":"\u015eER\u0130F ELASHRY","mothersEmail":"AhmetBaroura@gmail.com","mothersTelephone":"05525952231","passportName":"\u015eER\u0130F ELASHRY","givenPlace":"Egypt","passportNumber":"A105484","expiryDate":"2028","course":"NOT SPECIFIED","institutionName":"IstanbulAydinUniversity","department":"asfasfasf","institutionAddress":"KAYABA\u015eI MAH. KAYA\u015eEH\u0130R BULVARI No: 55E\/48","institutionEmail":"istanbul@aydin.com","institutionTelephone":"05525952231","iban":"ibanUS","outreach":"Newsletter"}
2024-11-02 01:14:19 - New student created successfully with ID: 4
2024-11-02 01:14:19 - Creating new attachment with data: {"submissionId":"67256edb0e58a","firstName":"\u015eER\u0130F ELASHRY","studentCertificate":"take-two-ceo-says-gta-6-trailer-leak-was-disappointing-but-u_m495.1280.webp","photo":"take-two-ceo-says-gta-6-trailer-leak-was-disappointing-but-u_m495.1280.webp","passportName":"\u015eER\u0130F ELASHRY","passportCopy":"Screenshot_454.png","Recommendation_Letter":"Screenshot_453.png","Motivation_Letter":"take-two-ceo-says-gta-6-trailer-leak-was-disappointing-but-u_m495.1280.webp","consentForm":""}
2024-11-02 01:14:19 - New attachment created successfully with ID: 4
2024-11-02 01:14:19 - Files uploaded and data insertion successful.
2024-11-02 01:14:19 - Preparing to send notification email...
2024-11-02 01:14:21 - Notification email sent successfully.
2024-11-02 01:15:02 - Request URI: /submitApplication
2024-11-02 01:15:02 - Request method: POST
2024-11-02 01:15:02 - POST data: {"first_name":"\u015eER\u0130F ELASHRY","Nationality":"10","date_of_birth":"2024-11-02","place_of_birth":"Poland","tshirt_size":"small","gender":"male","home_address":"KAYABA\u015eI MAH. KAYA\u015eEH\u0130R BULVARI No: 55E\/48","email":"shouldtheone@gmail.com","telephone":"05525952231","fathers_full_name":"\u015eER\u0130F ELASHRY","fathers_email":"AhmedBaroura@gmail.com","fathers_telephone":"05525952231","mothers_full_name":"\u015eER\u0130F ELASHRY","mothers_email":"AhmetBaroura@gmail.com","mothers_telephone":"05525952231","passport_name":"\u015eER\u0130F ELASHRY","given_place":"Egypt","passport_number":"A105484","expiry_date":"2028","institution_name":"IstanbulAydinUniversity","department":"asfasfasf","institution_address":"KAYABA\u015eI MAH. KAYA\u015eEH\u0130R BULVARI No: 55E\/48","institution_email":"istanbul@aydin.com","institution_telephone":"05525952231","iban":"ibanUS","outreach":"Newsletter"}
2024-11-02 01:15:02 - FILES data: {"student_certificate":{"name":"take-two-ceo-says-gta-6-trailer-leak-was-disappointing-but-u_m495.1280.webp","full_path":"take-two-ceo-says-gta-6-trailer-leak-was-disappointing-but-u_m495.1280.webp","type":"image\/webp","tmp_name":"C:\\xampp\\tmp\\php7889.tmp","error":0,"size":101320},"photo":{"name":"take-two-ceo-says-gta-6-trailer-leak-was-disappointing-but-u_m495.1280.webp","full_path":"take-two-ceo-says-gta-6-trailer-leak-was-disappointing-but-u_m495.1280.webp","type":"image\/webp","tmp_name":"C:\\xampp\\tmp\\php788A.tmp","error":0,"size":101320},"passport_copy":{"name":"Screenshot_454.png","full_path":"Screenshot_454.png","type":"image\/png","tmp_name":"C:\\xampp\\tmp\\php788B.tmp","error":0,"size":164203},"Recommendation_Letter":{"name":"Screenshot_453.png","full_path":"Screenshot_453.png","type":"image\/png","tmp_name":"C:\\xampp\\tmp\\php788C.tmp","error":0,"size":160292},"Motivation_Letter":{"name":"take-two-ceo-says-gta-6-trailer-leak-was-disappointing-but-u_m495.1280.webp","full_path":"take-two-ceo-says-gta-6-trailer-leak-was-disappointing-but-u_m495.1280.webp","type":"image\/webp","tmp_name":"C:\\xampp\\tmp\\php788D.tmp","error":0,"size":101320},"consentForm":{"name":"","full_path":"","type":"","tmp_name":"","error":4,"size":0}}
2024-11-02 01:15:02 - Processing form submission...
2024-11-02 01:15:02 - Retrieving country name for nationality value: 10
2024-11-02 01:15:02 - Creating new student with data: {"submissionId":"67256f063b114","firstName":"\u015eER\u0130F ELASHRY","dateOfBirth":"2024-11-02","gender":"male","tshirtSize":"small","nationality":"BANGLADESH","placeOfBirth":"Poland","homeAddress":"KAYABA\u015eI MAH. KAYA\u015eEH\u0130R BULVARI No: 55E\/48","email":"shouldtheone@gmail.com","telephone":"05525952231","fathersFullName":"\u015eER\u0130F ELASHRY","fathersEmail":"AhmedBaroura@gmail.com","fathersTelephone":"05525952231","mothersFullName":"\u015eER\u0130F ELASHRY","mothersEmail":"AhmetBaroura@gmail.com","mothersTelephone":"05525952231","passportName":"\u015eER\u0130F ELASHRY","givenPlace":"Egypt","passportNumber":"A105484","expiryDate":"2028","course":"NOT SPECIFIED","institutionName":"IstanbulAydinUniversity","department":"asfasfasf","institutionAddress":"KAYABA\u015eI MAH. KAYA\u015eEH\u0130R BULVARI No: 55E\/48","institutionEmail":"istanbul@aydin.com","institutionTelephone":"05525952231","iban":"ibanUS","outreach":"Newsletter"}
2024-11-02 01:15:02 - New student created successfully with ID: 5
2024-11-02 01:15:02 - Creating new attachment with data: {"submissionId":"67256f063b114","firstName":"\u015eER\u0130F ELASHRY","studentCertificate":"take-two-ceo-says-gta-6-trailer-leak-was-disappointing-but-u_m495.1280.webp","photo":"take-two-ceo-says-gta-6-trailer-leak-was-disappointing-but-u_m495.1280.webp","passportName":"\u015eER\u0130F ELASHRY","passportCopy":"Screenshot_454.png","Recommendation_Letter":"Screenshot_453.png","Motivation_Letter":"take-two-ceo-says-gta-6-trailer-leak-was-disappointing-but-u_m495.1280.webp","consentForm":""}
2024-11-02 01:15:02 - New attachment created successfully with ID: 5
2024-11-02 01:15:02 - Files uploaded and data insertion successful.
2024-11-02 01:15:02 - Preparing to send notification email...
2024-11-02 01:15:05 - Notification email sent successfully.
2024-11-02 01:15:22 - Request URI: /submitApplication
2024-11-02 01:15:22 - Request method: POST
2024-11-02 01:15:22 - POST data: {"first_name":"\u015eER\u0130F ELASHRY","Nationality":"10","date_of_birth":"2024-11-02","place_of_birth":"Poland","tshirt_size":"small","gender":"male","home_address":"KAYABA\u015eI MAH. KAYA\u015eEH\u0130R BULVARI No: 55E\/48","email":"shouldtheone@gmail.com","telephone":"05525952231","fathers_full_name":"\u015eER\u0130F ELASHRY","fathers_email":"AhmedBaroura@gmail.com","fathers_telephone":"05525952231","mothers_full_name":"\u015eER\u0130F ELASHRY","mothers_email":"AhmetBaroura@gmail.com","mothers_telephone":"05525952231","passport_name":"\u015eER\u0130F ELASHRY","given_place":"Egypt","passport_number":"A105484","expiry_date":"2028","institution_name":"IstanbulAydinUniversity","department":"asfasfasf","institution_address":"KAYABA\u015eI MAH. KAYA\u015eEH\u0130R BULVARI No: 55E\/48","institution_email":"istanbul@aydin.com","institution_telephone":"05525952231","iban":"ibanUS","outreach":"Newsletter"}
2024-11-02 01:15:22 - FILES data: {"student_certificate":{"name":"take-two-ceo-says-gta-6-trailer-leak-was-disappointing-but-u_m495.1280.webp","full_path":"take-two-ceo-says-gta-6-trailer-leak-was-disappointing-but-u_m495.1280.webp","type":"image\/webp","tmp_name":"C:\\xampp\\tmp\\phpC6EC.tmp","error":0,"size":101320},"photo":{"name":"take-two-ceo-says-gta-6-trailer-leak-was-disappointing-but-u_m495.1280.webp","full_path":"take-two-ceo-says-gta-6-trailer-leak-was-disappointing-but-u_m495.1280.webp","type":"image\/webp","tmp_name":"C:\\xampp\\tmp\\phpC6ED.tmp","error":0,"size":101320},"passport_copy":{"name":"Screenshot_454.png","full_path":"Screenshot_454.png","type":"image\/png","tmp_name":"C:\\xampp\\tmp\\phpC6EE.tmp","error":0,"size":164203},"Recommendation_Letter":{"name":"Screenshot_453.png","full_path":"Screenshot_453.png","type":"image\/png","tmp_name":"C:\\xampp\\tmp\\phpC6EF.tmp","error":0,"size":160292},"Motivation_Letter":{"name":"take-two-ceo-says-gta-6-trailer-leak-was-disappointing-but-u_m495.1280.webp","full_path":"take-two-ceo-says-gta-6-trailer-leak-was-disappointing-but-u_m495.1280.webp","type":"image\/webp","tmp_name":"C:\\xampp\\tmp\\phpC6F0.tmp","error":0,"size":101320},"consentForm":{"name":"","full_path":"","type":"","tmp_name":"","error":4,"size":0}}
2024-11-02 01:15:22 - Processing form submission...
2024-11-02 01:15:22 - Retrieving country name for nationality value: 10
2024-11-02 01:15:22 - Creating new student with data: {"submissionId":"67256f1a4b113","firstName":"\u015eER\u0130F ELASHRY","dateOfBirth":"2024-11-02","gender":"male","tshirtSize":"small","nationality":"BANGLADESH","placeOfBirth":"Poland","homeAddress":"KAYABA\u015eI MAH. KAYA\u015eEH\u0130R BULVARI No: 55E\/48","email":"shouldtheone@gmail.com","telephone":"05525952231","fathersFullName":"\u015eER\u0130F ELASHRY","fathersEmail":"AhmedBaroura@gmail.com","fathersTelephone":"05525952231","mothersFullName":"\u015eER\u0130F ELASHRY","mothersEmail":"AhmetBaroura@gmail.com","mothersTelephone":"05525952231","passportName":"\u015eER\u0130F ELASHRY","givenPlace":"Egypt","passportNumber":"A105484","expiryDate":"2028","course":"NOT SPECIFIED","institutionName":"IstanbulAydinUniversity","department":"asfasfasf","institutionAddress":"KAYABA\u015eI MAH. KAYA\u015eEH\u0130R BULVARI No: 55E\/48","institutionEmail":"istanbul@aydin.com","institutionTelephone":"05525952231","iban":"ibanUS","outreach":"Newsletter"}
2024-11-02 01:15:22 - New student created successfully with ID: 6
2024-11-02 01:15:22 - Creating new attachment with data: {"submissionId":"67256f1a4b113","firstName":"\u015eER\u0130F ELASHRY","studentCertificate":"take-two-ceo-says-gta-6-trailer-leak-was-disappointing-but-u_m495.1280.webp","photo":"take-two-ceo-says-gta-6-trailer-leak-was-disappointing-but-u_m495.1280.webp","passportName":"\u015eER\u0130F ELASHRY","passportCopy":"Screenshot_454.png","Recommendation_Letter":"Screenshot_453.png","Motivation_Letter":"take-two-ceo-says-gta-6-trailer-leak-was-disappointing-but-u_m495.1280.webp","consentForm":""}
2024-11-02 01:15:22 - New attachment created successfully with ID: 6
2024-11-02 01:15:22 - Files uploaded and data insertion successful.
2024-11-02 01:15:22 - Preparing to send notification email...
2024-11-02 01:15:25 - Notification email sent successfully.
2024-11-02 01:15:41 - Request URI: /submitApplication
2024-11-02 01:15:41 - Request method: POST
2024-11-02 01:15:41 - POST data: {"first_name":"\u015eER\u0130F ELASHRY","Nationality":"10","date_of_birth":"2024-11-02","place_of_birth":"Poland","tshirt_size":"small","gender":"male","home_address":"KAYABA\u015eI MAH. KAYA\u015eEH\u0130R BULVARI No: 55E\/48","email":"shouldtheone@gmail.com","telephone":"05525952231","fathers_full_name":"\u015eER\u0130F ELASHRY","fathers_email":"AhmedBaroura@gmail.com","fathers_telephone":"05525952231","mothers_full_name":"\u015eER\u0130F ELASHRY","mothers_email":"AhmetBaroura@gmail.com","mothers_telephone":"05525952231","passport_name":"\u015eER\u0130F ELASHRY","given_place":"Egypt","passport_number":"A105484","expiry_date":"2028","institution_name":"IstanbulAydinUniversity","department":"asfasfasf","institution_address":"KAYABA\u015eI MAH. KAYA\u015eEH\u0130R BULVARI No: 55E\/48","institution_email":"istanbul@aydin.com","institution_telephone":"05525952231","iban":"ibanUS","outreach":"Newsletter"}
2024-11-02 01:15:41 - FILES data: {"student_certificate":{"name":"take-two-ceo-says-gta-6-trailer-leak-was-disappointing-but-u_m495.1280.webp","full_path":"take-two-ceo-says-gta-6-trailer-leak-was-disappointing-but-u_m495.1280.webp","type":"image\/webp","tmp_name":"C:\\xampp\\tmp\\php1223.tmp","error":0,"size":101320},"photo":{"name":"take-two-ceo-says-gta-6-trailer-leak-was-disappointing-but-u_m495.1280.webp","full_path":"take-two-ceo-says-gta-6-trailer-leak-was-disappointing-but-u_m495.1280.webp","type":"image\/webp","tmp_name":"C:\\xampp\\tmp\\php1224.tmp","error":0,"size":101320},"passport_copy":{"name":"Screenshot_454.png","full_path":"Screenshot_454.png","type":"image\/png","tmp_name":"C:\\xampp\\tmp\\php1225.tmp","error":0,"size":164203},"Recommendation_Letter":{"name":"Screenshot_453.png","full_path":"Screenshot_453.png","type":"image\/png","tmp_name":"C:\\xampp\\tmp\\php1226.tmp","error":0,"size":160292},"Motivation_Letter":{"name":"take-two-ceo-says-gta-6-trailer-leak-was-disappointing-but-u_m495.1280.webp","full_path":"take-two-ceo-says-gta-6-trailer-leak-was-disappointing-but-u_m495.1280.webp","type":"image\/webp","tmp_name":"C:\\xampp\\tmp\\php1237.tmp","error":0,"size":101320},"consentForm":{"name":"","full_path":"","type":"","tmp_name":"","error":4,"size":0}}
2024-11-02 01:15:41 - Processing form submission...
2024-11-02 01:15:41 - Retrieving country name for nationality value: 10
2024-11-02 01:15:41 - Creating new student with data: {"submissionId":"67256f2d84b16","firstName":"\u015eER\u0130F ELASHRY","dateOfBirth":"2024-11-02","gender":"male","tshirtSize":"small","nationality":"BANGLADESH","placeOfBirth":"Poland","homeAddress":"KAYABA\u015eI MAH. KAYA\u015eEH\u0130R BULVARI No: 55E\/48","email":"shouldtheone@gmail.com","telephone":"05525952231","fathersFullName":"\u015eER\u0130F ELASHRY","fathersEmail":"AhmedBaroura@gmail.com","fathersTelephone":"05525952231","mothersFullName":"\u015eER\u0130F ELASHRY","mothersEmail":"AhmetBaroura@gmail.com","mothersTelephone":"05525952231","passportName":"\u015eER\u0130F ELASHRY","givenPlace":"Egypt","passportNumber":"A105484","expiryDate":"2028","course":"NOT SPECIFIED","institutionName":"IstanbulAydinUniversity","department":"asfasfasf","institutionAddress":"KAYABA\u015eI MAH. KAYA\u015eEH\u0130R BULVARI No: 55E\/48","institutionEmail":"istanbul@aydin.com","institutionTelephone":"05525952231","iban":"ibanUS","outreach":"Newsletter"}
2024-11-02 01:15:41 - New student created successfully with ID: 7
2024-11-02 01:15:41 - Creating new attachment with data: {"submissionId":"67256f2d84b16","firstName":"\u015eER\u0130F ELASHRY","studentCertificate":"take-two-ceo-says-gta-6-trailer-leak-was-disappointing-but-u_m495.1280.webp","photo":"take-two-ceo-says-gta-6-trailer-leak-was-disappointing-but-u_m495.1280.webp","passportName":"\u015eER\u0130F ELASHRY","passportCopy":"Screenshot_454.png","Recommendation_Letter":"Screenshot_453.png","Motivation_Letter":"take-two-ceo-says-gta-6-trailer-leak-was-disappointing-but-u_m495.1280.webp","consentForm":""}
2024-11-02 01:15:41 - New attachment created successfully with ID: 7
2024-11-02 01:15:41 - Files uploaded and data insertion successful.
2024-11-02 01:15:41 - Preparing to send notification email...
2024-11-02 01:15:44 - Notification email sent successfully.
2024-11-02 01:23:42 - Request URI: /submitApplication
2024-11-02 01:23:42 - Request method: POST
2024-11-02 01:23:42 - POST data: {"first_name":"\u015eER\u0130F ELASHRY","Nationality":"10","date_of_birth":"2024-11-02","place_of_birth":"Poland","tshirt_size":"small","gender":"male","home_address":"KAYABA\u015eI MAH. KAYA\u015eEH\u0130R BULVARI No: 55E\/48","email":"shouldtheone@gmail.com","telephone":"05525952231","fathers_full_name":"\u015eER\u0130F ELASHRY","fathers_email":"AhmedBaroura@gmail.com","fathers_telephone":"05525952231","mothers_full_name":"\u015eER\u0130F ELASHRY","mothers_email":"AhmetBaroura@gmail.com","mothers_telephone":"05525952231","passport_name":"\u015eER\u0130F ELASHRY","given_place":"Egypt","passport_number":"A105484","expiry_date":"2028","institution_name":"IstanbulAydinUniversity","department":"asfasfasf","institution_address":"KAYABA\u015eI MAH. KAYA\u015eEH\u0130R BULVARI No: 55E\/48","institution_email":"istanbul@aydin.com","institution_telephone":"05525952231","iban":"ibanUS","outreach":"Newsletter"}
2024-11-02 01:23:42 - FILES data: {"student_certificate":{"name":"take-two-ceo-says-gta-6-trailer-leak-was-disappointing-but-u_m495.1280.webp","full_path":"take-two-ceo-says-gta-6-trailer-leak-was-disappointing-but-u_m495.1280.webp","type":"image\/webp","tmp_name":"C:\\xampp\\tmp\\php68F1.tmp","error":0,"size":101320},"photo":{"name":"take-two-ceo-says-gta-6-trailer-leak-was-disappointing-but-u_m495.1280.webp","full_path":"take-two-ceo-says-gta-6-trailer-leak-was-disappointing-but-u_m495.1280.webp","type":"image\/webp","tmp_name":"C:\\xampp\\tmp\\php68F2.tmp","error":0,"size":101320},"passport_copy":{"name":"Screenshot_454.png","full_path":"Screenshot_454.png","type":"image\/png","tmp_name":"C:\\xampp\\tmp\\php68F3.tmp","error":0,"size":164203},"Recommendation_Letter":{"name":"Screenshot_453.png","full_path":"Screenshot_453.png","type":"image\/png","tmp_name":"C:\\xampp\\tmp\\php68F4.tmp","error":0,"size":160292},"Motivation_Letter":{"name":"take-two-ceo-says-gta-6-trailer-leak-was-disappointing-but-u_m495.1280.webp","full_path":"take-two-ceo-says-gta-6-trailer-leak-was-disappointing-but-u_m495.1280.webp","type":"image\/webp","tmp_name":"C:\\xampp\\tmp\\php6905.tmp","error":0,"size":101320},"consentForm":{"name":"","full_path":"","type":"","tmp_name":"","error":4,"size":0}}
2024-11-02 01:23:42 - Processing form submission...
2024-11-02 01:23:42 - Retrieving country name for nationality value: 10
2024-11-02 01:23:42 - Creating new student with data: {"submissionId":"6725710e8559a","firstName":"\u015eER\u0130F ELASHRY","dateOfBirth":"2024-11-02","gender":"male","tshirtSize":"small","nationality":"BANGLADESH","placeOfBirth":"Poland","homeAddress":"KAYABA\u015eI MAH. KAYA\u015eEH\u0130R BULVARI No: 55E\/48","email":"shouldtheone@gmail.com","telephone":"05525952231","fathersFullName":"\u015eER\u0130F ELASHRY","fathersEmail":"AhmedBaroura@gmail.com","fathersTelephone":"05525952231","mothersFullName":"\u015eER\u0130F ELASHRY","mothersEmail":"AhmetBaroura@gmail.com","mothersTelephone":"05525952231","passportName":"\u015eER\u0130F ELASHRY","givenPlace":"Egypt","passportNumber":"A105484","expiryDate":"2028","course":"NOT SPECIFIED","institutionName":"IstanbulAydinUniversity","department":"asfasfasf","institutionAddress":"KAYABA\u015eI MAH. KAYA\u015eEH\u0130R BULVARI No: 55E\/48","institutionEmail":"istanbul@aydin.com","institutionTelephone":"05525952231","iban":"ibanUS","outreach":"Newsletter"}
2024-11-02 01:23:42 - New student created successfully with ID: 8
2024-11-02 01:23:42 - Creating new attachment with data: {"submissionId":"6725710e8559a","firstName":"\u015eER\u0130F ELASHRY","studentCertificate":"take-two-ceo-says-gta-6-trailer-leak-was-disappointing-but-u_m495.1280.webp","photo":"take-two-ceo-says-gta-6-trailer-leak-was-disappointing-but-u_m495.1280.webp","passportName":"\u015eER\u0130F ELASHRY","passportCopy":"Screenshot_454.png","Recommendation_Letter":"Screenshot_453.png","Motivation_Letter":"take-two-ceo-says-gta-6-trailer-leak-was-disappointing-but-u_m495.1280.webp","consentForm":""}
2024-11-02 01:23:42 - New attachment created successfully with ID: 8
2024-11-02 01:23:42 - Files uploaded and data insertion successful.
2024-11-02 01:23:42 - Preparing to send notification email...
2024-11-02 01:23:45 - Notification email sent successfully.
2024-11-02 01:24:06 - Request URI: /submitApplication
2024-11-02 01:24:06 - Request method: POST
2024-11-02 01:24:06 - POST data: {"first_name":" ELASHRY","Nationality":"10","date_of_birth":"2024-11-02","place_of_birth":"Poland","tshirt_size":"small","gender":"male","home_address":"KAYABA\u015eI MAH. KAYA\u015eEH\u0130R BULVARI No: 55E\/48","email":"shouldtheone@gmail.com","telephone":"05525952231","fathers_full_name":"\u015eER\u0130F ELASHRY","fathers_email":"AhmedBaroura@gmail.com","fathers_telephone":"05525952231","mothers_full_name":"\u015eER\u0130F ELASHRY","mothers_email":"AhmetBaroura@gmail.com","mothers_telephone":"05525952231","passport_name":"\u015eER\u0130F ELASHRY","given_place":"Egypt","passport_number":"A105484","expiry_date":"2028","institution_name":"IstanbulAydinUniversity","department":"asfasfasf","institution_address":"KAYABA\u015eI MAH. KAYA\u015eEH\u0130R BULVARI No: 55E\/48","institution_email":"istanbul@aydin.com","institution_telephone":"05525952231","iban":"ibanUS","outreach":"Newsletter"}
2024-11-02 01:24:06 - FILES data: {"student_certificate":{"name":"take-two-ceo-says-gta-6-trailer-leak-was-disappointing-but-u_m495.1280.webp","full_path":"take-two-ceo-says-gta-6-trailer-leak-was-disappointing-but-u_m495.1280.webp","type":"image\/webp","tmp_name":"C:\\xampp\\tmp\\phpC724.tmp","error":0,"size":101320},"photo":{"name":"take-two-ceo-says-gta-6-trailer-leak-was-disappointing-but-u_m495.1280.webp","full_path":"take-two-ceo-says-gta-6-trailer-leak-was-disappointing-but-u_m495.1280.webp","type":"image\/webp","tmp_name":"C:\\xampp\\tmp\\phpC725.tmp","error":0,"size":101320},"passport_copy":{"name":"Screenshot_454.png","full_path":"Screenshot_454.png","type":"image\/png","tmp_name":"C:\\xampp\\tmp\\phpC726.tmp","error":0,"size":164203},"Recommendation_Letter":{"name":"Screenshot_453.png","full_path":"Screenshot_453.png","type":"image\/png","tmp_name":"C:\\xampp\\tmp\\phpC727.tmp","error":0,"size":160292},"Motivation_Letter":{"name":"take-two-ceo-says-gta-6-trailer-leak-was-disappointing-but-u_m495.1280.webp","full_path":"take-two-ceo-says-gta-6-trailer-leak-was-disappointing-but-u_m495.1280.webp","type":"image\/webp","tmp_name":"C:\\xampp\\tmp\\phpC728.tmp","error":0,"size":101320},"consentForm":{"name":"","full_path":"","type":"","tmp_name":"","error":4,"size":0}}
2024-11-02 01:24:06 - Processing form submission...
2024-11-02 01:24:06 - Retrieving country name for nationality value: 10
2024-11-02 01:24:06 - Creating new student with data: {"submissionId":"6725712695a12","firstName":" ELASHRY","dateOfBirth":"2024-11-02","gender":"male","tshirtSize":"small","nationality":"BANGLADESH","placeOfBirth":"Poland","homeAddress":"KAYABA\u015eI MAH. KAYA\u015eEH\u0130R BULVARI No: 55E\/48","email":"shouldtheone@gmail.com","telephone":"05525952231","fathersFullName":"\u015eER\u0130F ELASHRY","fathersEmail":"AhmedBaroura@gmail.com","fathersTelephone":"05525952231","mothersFullName":"\u015eER\u0130F ELASHRY","mothersEmail":"AhmetBaroura@gmail.com","mothersTelephone":"05525952231","passportName":"\u015eER\u0130F ELASHRY","givenPlace":"Egypt","passportNumber":"A105484","expiryDate":"2028","course":"NOT SPECIFIED","institutionName":"IstanbulAydinUniversity","department":"asfasfasf","institutionAddress":"KAYABA\u015eI MAH. KAYA\u015eEH\u0130R BULVARI No: 55E\/48","institutionEmail":"istanbul@aydin.com","institutionTelephone":"05525952231","iban":"ibanUS","outreach":"Newsletter"}
2024-11-02 01:24:06 - New student created successfully with ID: 9
2024-11-02 01:24:06 - Creating new attachment with data: {"submissionId":"6725712695a12","firstName":" ELASHRY","studentCertificate":"take-two-ceo-says-gta-6-trailer-leak-was-disappointing-but-u_m495.1280.webp","photo":"take-two-ceo-says-gta-6-trailer-leak-was-disappointing-but-u_m495.1280.webp","passportName":"\u015eER\u0130F ELASHRY","passportCopy":"Screenshot_454.png","Recommendation_Letter":"Screenshot_453.png","Motivation_Letter":"take-two-ceo-says-gta-6-trailer-leak-was-disappointing-but-u_m495.1280.webp","consentForm":""}
2024-11-02 01:24:06 - New attachment created successfully with ID: 9
2024-11-02 01:24:06 - Files uploaded and data insertion successful.
2024-11-02 01:24:06 - Preparing to send notification email...
2024-11-02 01:24:09 - Notification email sent successfully.
2024-11-02 01:24:09 - Request URI: /submitApplication
2024-11-02 01:24:09 - Request method: POST
2024-11-02 01:24:09 - POST data: {"first_name":" ELASHRY","Nationality":"10","date_of_birth":"2024-11-02","place_of_birth":"Poland","tshirt_size":"small","gender":"male","home_address":"KAYABA\u015eI MAH. KAYA\u015eEH\u0130R BULVARI No: 55E\/48","email":"shouldtheone@gmail.com","telephone":"05525952231","fathers_full_name":"\u015eER\u0130F ELASHRY","fathers_email":"AhmedBaroura@gmail.com","fathers_telephone":"05525952231","mothers_full_name":"\u015eER\u0130F ELASHRY","mothers_email":"AhmetBaroura@gmail.com","mothers_telephone":"05525952231","passport_name":"\u015eER\u0130F ELASHRY","given_place":"Egypt","passport_number":"A105484","expiry_date":"2028","institution_name":"IstanbulAydinUniversity","department":"asfasfasf","institution_address":"KAYABA\u015eI MAH. KAYA\u015eEH\u0130R BULVARI No: 55E\/48","institution_email":"istanbul@aydin.com","institution_telephone":"05525952231","iban":"ibanUS","outreach":"Newsletter"}
2024-11-02 01:24:09 - FILES data: {"student_certificate":{"name":"take-two-ceo-says-gta-6-trailer-leak-was-disappointing-but-u_m495.1280.webp","full_path":"take-two-ceo-says-gta-6-trailer-leak-was-disappointing-but-u_m495.1280.webp","type":"image\/webp","tmp_name":"C:\\xampp\\tmp\\phpD409.tmp","error":0,"size":101320},"photo":{"name":"take-two-ceo-says-gta-6-trailer-leak-was-disappointing-but-u_m495.1280.webp","full_path":"take-two-ceo-says-gta-6-trailer-leak-was-disappointing-but-u_m495.1280.webp","type":"image\/webp","tmp_name":"C:\\xampp\\tmp\\phpD40A.tmp","error":0,"size":101320},"passport_copy":{"name":"Screenshot_454.png","full_path":"Screenshot_454.png","type":"image\/png","tmp_name":"C:\\xampp\\tmp\\phpD40B.tmp","error":0,"size":164203},"Recommendation_Letter":{"name":"Screenshot_453.png","full_path":"Screenshot_453.png","type":"image\/png","tmp_name":"C:\\xampp\\tmp\\phpD40C.tmp","error":0,"size":160292},"Motivation_Letter":{"name":"take-two-ceo-says-gta-6-trailer-leak-was-disappointing-but-u_m495.1280.webp","full_path":"take-two-ceo-says-gta-6-trailer-leak-was-disappointing-but-u_m495.1280.webp","type":"image\/webp","tmp_name":"C:\\xampp\\tmp\\phpD40D.tmp","error":0,"size":101320},"consentForm":{"name":"","full_path":"","type":"","tmp_name":"","error":4,"size":0}}
2024-11-02 01:24:09 - Processing form submission...
2024-11-02 01:24:09 - Retrieving country name for nationality value: 10
2024-11-02 01:24:09 - Creating new student with data: {"submissionId":"67257129dc0f3","firstName":" ELASHRY","dateOfBirth":"2024-11-02","gender":"male","tshirtSize":"small","nationality":"BANGLADESH","placeOfBirth":"Poland","homeAddress":"KAYABA\u015eI MAH. KAYA\u015eEH\u0130R BULVARI No: 55E\/48","email":"shouldtheone@gmail.com","telephone":"05525952231","fathersFullName":"\u015eER\u0130F ELASHRY","fathersEmail":"AhmedBaroura@gmail.com","fathersTelephone":"05525952231","mothersFullName":"\u015eER\u0130F ELASHRY","mothersEmail":"AhmetBaroura@gmail.com","mothersTelephone":"05525952231","passportName":"\u015eER\u0130F ELASHRY","givenPlace":"Egypt","passportNumber":"A105484","expiryDate":"2028","course":"NOT SPECIFIED","institutionName":"IstanbulAydinUniversity","department":"asfasfasf","institutionAddress":"KAYABA\u015eI MAH. KAYA\u015eEH\u0130R BULVARI No: 55E\/48","institutionEmail":"istanbul@aydin.com","institutionTelephone":"05525952231","iban":"ibanUS","outreach":"Newsletter"}
2024-11-02 01:24:09 - New student created successfully with ID: 10
2024-11-02 01:24:09 - Creating new attachment with data: {"submissionId":"67257129dc0f3","firstName":" ELASHRY","studentCertificate":"take-two-ceo-says-gta-6-trailer-leak-was-disappointing-but-u_m495.1280.webp","photo":"take-two-ceo-says-gta-6-trailer-leak-was-disappointing-but-u_m495.1280.webp","passportName":"\u015eER\u0130F ELASHRY","passportCopy":"Screenshot_454.png","Recommendation_Letter":"Screenshot_453.png","Motivation_Letter":"take-two-ceo-says-gta-6-trailer-leak-was-disappointing-but-u_m495.1280.webp","consentForm":""}
2024-11-02 01:24:09 - New attachment created successfully with ID: 10
2024-11-02 01:24:09 - Files uploaded and data insertion successful.
2024-11-02 01:24:09 - Preparing to send notification email...
2024-11-02 01:24:12 - Notification email sent successfully.
